{"message":"This is sent to a combined.log file","level":"info","service":"user-service"}
{"message":"This is sent to a error.log file","level":"error","service":"user-service"}
{"message":"This is sent to a combined.log file","level":"info","service":"user-service"}
{"message":"This is sent to a error.log file","level":"error","service":"user-service"}
undefined
undefined
undefined
undefined
This is sent to a combined.log file
This is sent to a error.log file
2019-04-16T08:07:35.713Z This is sent to a combined.log file
2019-04-16T08:07:35.715Z This is sent to a error.log file
2019-04-16T08:07:56.969Z - This is sent to a combined.log file
2019-04-16T08:07:56.971Z - This is sent to a error.log file
info - This is sent to a combined.log file - 2019-04-16T08:08:37.538Z
error - This is sent to a error.log file - 2019-04-16T08:08:37.540Z
info: This is sent to a combined.log file - 2019-04-16T08:08:57.099Z
error: This is sent to a error.log file - 2019-04-16T08:08:57.101Z
info: This is sent to a combined.log file - 2019-04-16T08:10:14.757Z
error: This is sent to a error.log file - 2019-04-16T08:10:14.759Z
