error: This is sent to a error.log file - 2019-04-16T11:47:08.589Z
error: This is sent to a error.log file - 2019-04-16T11:47:40.933Z
error: This is sent to a error.log file - 2019-04-16T11:49:28.704Z
error: This is sent to a error.log file - 2019-04-16T11:54:08.056Z
error: This is sent to a error.log file - 2019-04-16T11:55:41.549Z
error: This is sent to a error.log file - 2019-04-16T12:00:42.044Z
error: This is sent to a error.log file - 2019-04-16T12:02:49.301Z
error: This is sent to a error.log file - 2019-04-16T12:04:14.773Z
error: This is sent to a error.log file - 2019-04-16T12:10:49.687Z
error: This is sent to a error.log file - 2019-04-16T12:10:54.662Z
error: This is sent to a error.log file - 2019-04-16T12:11:40.845Z
error: uncaught exception: Error: Cannot find module '/Users/fredrik/_root/Repositories/f3l-slackbot/skills/convo' - 2019-04-16T12:11:40.863Z
error: This is sent to a error.log file - 2019-04-16T12:11:50.929Z
error: uncaught exception: TypeError: convo is not a function - 2019-04-16T12:11:50.956Z
error: This is sent to a error.log file - 2019-04-16T12:20:07.585Z
error: This is sent to a error.log file - 2019-04-16T12:25:32.678Z
error: This is sent to a error.log file - 2019-04-16T12:26:23.454Z
error: This is sent to a error.log file - 2019-04-16T12:34:53.376Z
error: This is sent to a error.log file - 2019-04-16T12:36:59.546Z
error: This is sent to a error.log file - 2019-04-16T12:41:56.710Z
error: This is sent to a error.log file - 2019-04-16T12:45:47.058Z
error: This is sent to a error.log file - 2019-04-16T12:46:08.302Z
error: This is sent to a error.log file - 2019-04-16T12:46:38.874Z
error: This is sent to a error.log file - 2019-04-16T13:00:51.243Z
error: This is sent to a error.log file - 2019-04-16T13:00:58.013Z
error: This is sent to a error.log file - 2019-04-16T13:02:35.735Z
error: This is sent to a error.log file - 2019-04-16T13:03:30.089Z
error: This is sent to a error.log file - 2019-04-16T13:16:26.829Z
error: This is sent to a error.log file - 2019-04-16T13:18:17.754Z
error: This is sent to a error.log file - 2019-04-16T13:18:52.713Z
error: This is sent to a error.log file - 2019-04-16T13:19:38.834Z
error: This is sent to a error.log file - 2019-04-16T13:29:46.548Z
error: uncaught exception: SyntaxError: Missing catch or finally after try - 2019-04-16T13:29:46.571Z
error: This is sent to a error.log file - 2019-04-16T13:31:07.358Z
error: uncaught exception: SyntaxError: Missing catch or finally after try - 2019-04-16T13:31:07.381Z
error: This is sent to a error.log file - 2019-04-16T13:32:04.035Z
error: uncaught exception: SyntaxError: Missing catch or finally after try - 2019-04-16T13:32:04.058Z
error: This is sent to a error.log file - 2019-04-16T13:36:33.268Z
error: This is sent to a error.log file - 2019-04-16T13:38:32.315Z
error: This is sent to a error.log file - 2019-04-16T13:38:37.745Z
error: This is sent to a error.log file - 2019-04-16T13:38:42.280Z
error: This is sent to a error.log file - 2019-04-16T13:44:26.903Z
error: Bad Request - 2019-04-16T13:45:01.123Z
error: This is sent to a error.log file - 2019-04-16T13:45:13.314Z
error: Bad Request - 2019-04-16T13:45:25.492Z
error: This is sent to a error.log file - 2019-04-16T13:46:13.225Z
error: This is sent to a error.log file - 2019-04-16T13:46:41.124Z
error: This is sent to a error.log file - 2019-04-16T13:48:35.970Z
error: This is sent to a error.log file - 2019-04-16T13:50:15.224Z
error: This is sent to a error.log file - 2019-04-16T13:52:10.906Z
error: This is sent to a error.log file - 2019-04-16T13:55:21.487Z
error: This is sent to a error.log file - 2019-04-16T13:56:11.589Z
error: This is sent to a error.log file - 2019-04-16T13:56:29.833Z
error: This is sent to a error.log file - 2019-04-16T13:57:41.192Z
error: This is sent to a error.log file - 2019-04-16T13:58:06.878Z
error: This is sent to a error.log file - 2019-04-16T13:58:44.162Z
error: This is sent to a error.log file - 2019-04-16T13:58:46.913Z
error: This is sent to a error.log file - 2019-04-16T13:59:38.577Z
error: This is sent to a error.log file - 2019-04-16T14:00:57.650Z
error: This is sent to a error.log file - 2019-04-16T14:03:30.681Z
error: This is sent to a error.log file - 2019-04-16T14:07:29.345Z
error: This is sent to a error.log file - 2019-04-16T14:07:35.272Z
error: This is sent to a error.log file - 2019-04-16T14:08:14.258Z
error: This is sent to a error.log file - 2019-04-16T14:08:17.719Z
error: This is sent to a error.log file - 2019-04-16T14:09:59.818Z
error: uncaught exception: SyntaxError: Unexpected token ) - 2019-04-16T14:09:59.840Z
error: This is sent to a error.log file - 2019-04-16T14:10:39.596Z
error: This is sent to a error.log file - 2019-04-16T14:12:14.377Z
error: This is sent to a error.log file - 2019-04-16T14:12:35.914Z
error: This is sent to a error.log file - 2019-04-16T14:13:33.196Z
error: This is sent to a error.log file - 2019-04-16T14:14:33.650Z
error: This is sent to a error.log file - 2019-04-16T14:15:19.578Z
error: This is sent to a error.log file - 2019-04-16T14:16:05.082Z
error: This is sent to a error.log file - 2019-04-16T15:18:24.357Z
error: This is sent to a error.log file - 2019-04-22T18:21:42.656Z
error: This is sent to a error.log file - 2019-04-22T18:25:41.442Z
error: invalid json response body at https://api.chucknorris.io/jokes/random?category=poo reason: Unexpected token < in JSON at position 0 - 2019-04-22T18:25:55.820Z
error: This is sent to a error.log file - 2019-04-23T07:04:45.793Z
error: invalid json response body at https://api.chucknorris.io/jokes/random?category=hej reason: Unexpected token < in JSON at position 0 - 2019-04-23T07:07:08.702Z
error: This is sent to a error.log file - 2019-04-23T07:12:19.658Z
error: invalid json response body at https://api.chucknorris.io/jokes/random?category=hello reason: Unexpected token < in JSON at position 0 - 2019-04-23T07:13:11.735Z
